[debug] [2021-10-18T21:13:01.674Z] ----------------------------------------------------------------------
[debug] [2021-10-18T21:13:01.677Z] Command:       C:\Program Files\nodejs\node.exe C:\Users\Nazirul-Cloud\AppData\Roaming\npm\node_modules\firebase-tools\lib\bin\firebase.js init
[debug] [2021-10-18T21:13:01.678Z] CLI Version:   9.20.0
[debug] [2021-10-18T21:13:01.678Z] Platform:      win32
[debug] [2021-10-18T21:13:01.678Z] Node Version:  v14.17.4
[debug] [2021-10-18T21:13:01.680Z] Time:          Tue Oct 19 2021 03:13:01 GMT+0600 (Bangladesh Standard Time)
[debug] [2021-10-18T21:13:01.680Z] ----------------------------------------------------------------------
[debug] 
[debug] [2021-10-18T21:13:01.684Z] >>> [apiv2][query] GET https://firebase-public.firebaseio.com/cli.json [none]
[debug] [2021-10-18T21:13:01.718Z] > command requires scopes: ["email","openid","https://www.googleapis.com/auth/cloudplatformprojects.readonly","https://www.googleapis.com/auth/firebase","https://www.googleapis.com/auth/cloud-platform"]
[debug] [2021-10-18T21:13:01.719Z] > authorizing via signed-in user (shanto2193@gmail.com)
[info] 
     ######## #### ########  ######## ########     ###     ######  ########
     ##        ##  ##     ## ##       ##     ##  ##   ##  ##       ##
     ######    ##  ########  ######   ########  #########  ######  ######
     ##        ##  ##    ##  ##       ##     ## ##     ##       ## ##
     ##       #### ##     ## ######## ########  ##     ##  ######  ########

You're about to initialize a Firebase project in this directory:

  H:\React\iron-lifters-gym

[debug] [2021-10-18T21:13:02.709Z] <<< [apiv2][status] GET https://firebase-public.firebaseio.com/cli.json 200
[debug] [2021-10-18T21:13:02.710Z] <<< [apiv2][body] GET https://firebase-public.firebaseio.com/cli.json {"cloudBuildErrorAfter":1594252800000,"cloudBuildWarnAfter":1590019200000,"defaultNode10After":1594252800000,"minVersion":"3.0.5","node8DeploysDisabledAfter":1613390400000,"node8RuntimeDisabledAfter":1615809600000,"node8WarnAfter":1600128000000}
